<?xml version="1.0" encoding="UTF-8"?>
<testng-results ignored="0" total="3" passed="3" failed="0" skipped="0">
  <reporter-output>
  </reporter-output>
  <suite started-at="2023-01-25T22:20:39 IST" name="Suite" finished-at="2023-01-25T22:21:17 IST" duration-ms="37762">
    <groups>
    </groups>
    <test started-at="2023-01-25T22:20:39 IST" name="test1" finished-at="2023-01-25T22:21:17 IST" duration-ms="37762">
      <class name="com.bergin.ngtest.NewTest2">
        <test-method is-config="true" signature="beforeMethod()[pri:0, instance:com.bergin.ngtest.NewTest2@593aaf41]" started-at="2023-01-25T22:20:39 IST" name="beforeMethod" finished-at="2023-01-25T22:20:42 IST" duration-ms="2918" status="PASS">
          <reporter-output>
          </reporter-output>
        </test-method> <!-- beforeMethod -->
        <test-method signature="f()[pri:0, instance:com.bergin.ngtest.NewTest2@593aaf41]" started-at="2023-01-25T22:20:42 IST" name="f" finished-at="2023-01-25T22:20:54 IST" duration-ms="11943" status="PASS">
          <reporter-output>
          </reporter-output>
        </test-method> <!-- f -->
        <test-method is-config="true" signature="afterMethod()[pri:0, instance:com.bergin.ngtest.NewTest2@593aaf41]" started-at="2023-01-25T22:20:54 IST" name="afterMethod" finished-at="2023-01-25T22:20:54 IST" duration-ms="115" status="PASS">
          <reporter-output>
          </reporter-output>
        </test-method> <!-- afterMethod -->
      </class> <!-- com.bergin.ngtest.NewTest2 -->
      <class name="com.bergin.ngtest.NewTest">
        <test-method is-config="true" signature="beforeMethod()[pri:0, instance:com.bergin.ngtest.NewTest@783a467b]" started-at="2023-01-25T22:20:39 IST" name="beforeMethod" finished-at="2023-01-25T22:20:42 IST" duration-ms="2918" status="PASS">
          <reporter-output>
          </reporter-output>
        </test-method> <!-- beforeMethod -->
        <test-method signature="f()[pri:0, instance:com.bergin.ngtest.NewTest@783a467b]" started-at="2023-01-25T22:20:42 IST" name="f" finished-at="2023-01-25T22:21:01 IST" duration-ms="18542" status="PASS">
          <reporter-output>
          </reporter-output>
        </test-method> <!-- f -->
        <test-method is-config="true" signature="afterMethod()[pri:0, instance:com.bergin.ngtest.NewTest@783a467b]" started-at="2023-01-25T22:21:01 IST" name="afterMethod" finished-at="2023-01-25T22:21:17 IST" duration-ms="16250" status="PASS">
          <reporter-output>
          </reporter-output>
        </test-method> <!-- afterMethod -->
      </class> <!-- com.bergin.ngtest.NewTest -->
      <class name="com.bergin.ngtest.NewTest3">
        <test-method is-config="true" signature="beforeMethod()[pri:0, instance:com.bergin.ngtest.NewTest3@7db12bb6]" started-at="2023-01-25T22:20:39 IST" name="beforeMethod" finished-at="2023-01-25T22:20:42 IST" duration-ms="2919" status="PASS">
          <reporter-output>
          </reporter-output>
        </test-method> <!-- beforeMethod -->
        <test-method signature="f()[pri:0, instance:com.bergin.ngtest.NewTest3@7db12bb6]" started-at="2023-01-25T22:20:42 IST" name="f" finished-at="2023-01-25T22:20:54 IST" duration-ms="12046" status="PASS">
          <reporter-output>
          </reporter-output>
        </test-method> <!-- f -->
        <test-method is-config="true" signature="afterMethod()[pri:0, instance:com.bergin.ngtest.NewTest3@7db12bb6]" started-at="2023-01-25T22:20:54 IST" name="afterMethod" finished-at="2023-01-25T22:20:54 IST" duration-ms="62" status="PASS">
          <reporter-output>
          </reporter-output>
        </test-method> <!-- afterMethod -->
      </class> <!-- com.bergin.ngtest.NewTest3 -->
    </test> <!-- test1 -->
  </suite> <!-- Suite -->
</testng-results>
